[INFO ] 2023-10-06 01:31:44.032 [main] ReportManager - 
[0;7m------------------------------------------------------------------------------------------------------------------------------------------------
                                                        Powered by [1m7.3.20230804[22m                                                        
------------------------------------------------------------------------------------------------------------------------------------------------
[0m
[INFO ] 2023-10-06 01:31:46.448 [main] ReportManager - Loaded OpenCV "opencv_java470".
[INFO ] 2023-10-06 01:31:46.449 [main] ReportManager - Initializing Allure Reporting Environment...
[INFO ] 2023-10-06 01:31:46.680 [main] ReportManager - Initializing Extent Reporting Environment...
[INFO ] 2023-10-06 01:31:47.463 [main] ReportManager - Initializing Summary Reporting Environment...
[INFO ] 2023-10-06 01:31:47.841 [main] ReportManager - Setting "targetOperatingSystem" property with "windows".
[INFO ] 2023-10-06 01:31:47.874 [main] ReportManager - Capabilities {acceptInsecureCerts: true, browserName: chrome, goog:chromeOptions: {args: [--start-maximized, --remote-allow-origins=*, --enable-automation, --disable-background-timer-..., --disable-backgrounding-occ..., --disable-features=Calculat..., --disable-hang-monitor, --disable-domain-reliability, --disable-renderer-backgrou..., --disable-features=Autofill..., --metrics-recording-only, --no-first-run, --no-default-browser-check, --silent-debugger-extension..., --disable-extensions, --disable-component-extensi..., --disable-dev-shm-usage, --disable-features=MediaRouter, --disable-features=Translate, --disable-ipc-flooding-prot..., --disable-background-networ..., --mute-audio, --disable-breakpad, --ignore-certificate-errors, --disable-device-discovery-..., --force-color-profile=srgb, --hide-scrollbars, --host-resolver-rules, --no-pings, --disable-features=AvoidUnn..., --disable-features=Certific..., --disable-sync, --disable-features=Optimiza..., --disable-features=DialMedi..., --disable-features=GlobalMe..., --disable-features=Improved..., --disable-features=LazyFram..., --disable-field-trial-config, --enable-features=NetworkSe..., --enable-features=NetworkSe..., --enable-use-zoom-for-dsf, --log-net-log, --net-log-capture-mode, --disable-client-side-phish..., --disable-default-apps, --disable-features=Interest...], extensions: [], prefs: {download.default_directory: C:\Users\Hadeer.Hosny\IdeaP..., download.prompt_for_download: false, profile.default_content_settings.popups: 0}}, pageLoadStrategy: none, timeouts: {pageLoad: 60000, script: 30000}, unhandledPromptBehavior: accept and notify}
[INFO ] 2023-10-06 01:31:47.880 [main] ReportManager - Attempting to run locally on: "windows | Chrome".
[INFO ] 2023-10-06 01:31:47.882 [main] ReportManager - Identifying OS/Driver combination and selecting the correct driver version automatically. Please note that if a new driver executable will be downloaded it may take some time...
[DEBUG] 2023-10-06 01:31:48.521 [main] ResolutionCache - Resolution chrome=117 in cache (valid until 01:45:55 06/10/2023 EEST)
[DEBUG] 2023-10-06 01:31:48.523 [main] ResolutionCache - Resolution chrome117=117.0.5938.149 in cache (valid until 10:02:54 06/10/2023 EEST)
[INFO ] 2023-10-06 01:31:48.524 [main] WebDriverManager - Using chromedriver 117.0.5938.149 (resolved driver for Chrome 117)
[DEBUG] 2023-10-06 01:31:48.548 [main] WebDriverManager - Driver chromedriver 117.0.5938.149 found in cache
[INFO ] 2023-10-06 01:31:48.550 [main] WebDriverManager - Exporting webdriver.chrome.driver as C:\Users\Hadeer.Hosny\.cache\selenium\chromedriver\win64\117.0.5938.149\chromedriver.exe
[WARN ] 2023-10-06 01:31:52.445 [main] ReportManager - Oct 06, 2023 1:31:52 AM org.openqa.selenium.devtools.CdpVersionFinder findNearestMatch
[WARN ] 2023-10-06 01:31:52.445 [main] ReportManager - WARNING: Unable to find an exact match for CDP version 117, so returning the closest version found: 115
[INFO ] 2023-10-06 01:31:52.464 [main] ReportManager - Successfully Opened: "windows | Chrome".
[ERROR] 2023-10-06 01:31:52.470 [main] AllureLifecycle - Could not start step: no test case running
[ERROR] 2023-10-06 01:31:52.471 [main] AllureLifecycle - Could not stop step: step with uuid 51a520b5-e6f7-4081-9af8-40ffd1d6b8a4 not found
[INFO ] 2023-10-06 01:31:52.582 [main] Utils - [TestNG] Running:
  C:\Users\Hadeer.Hosny\AppData\Local\JetBrains\IdeaIC2023.2\temp-testng-customsuite.xml

[INFO ] 2023-10-06 01:31:52.617 [main] ReportManager - 
[0;7m------------------------------------------------------------------------------------------------------------------------------------------------
                                             Starting execution of suite setup configuration method                                             
                                          'com.shaft.listeners.internal.ConfigurationHelper.suiteSetup'                                          
------------------------------------------------------------------------------------------------------------------------------------------------
[0m
[INFO ] 2023-10-06 01:31:52.633 [main] ReportManager - Initializing Important Links...
[INFO ] 2023-10-06 01:31:52.649 [main] ReportManager - Initializing Properties...
[INFO ] 2023-10-06 01:31:52.868 [main] ReportManager - 
[0;7m------------------------------------------------------------------------------------------------------------------------------------------------
                                                Starting execution of setup configuration method                                                
                                               'com.stctv.subscribe.testcases.NavigateTest.setup'                                               
------------------------------------------------------------------------------------------------------------------------------------------------
[0m
[DEBUG] 2023-10-06 01:31:52.887 [main] ResolutionCache - Resolution chrome=117 in cache (valid until 01:45:55 06/10/2023 EEST)
[DEBUG] 2023-10-06 01:31:52.888 [main] ResolutionCache - Resolution chrome117=117.0.5938.149 in cache (valid until 10:02:54 06/10/2023 EEST)
[INFO ] 2023-10-06 01:31:52.888 [main] WebDriverManager - Using chromedriver 117.0.5938.149 (resolved driver for Chrome 117)
[DEBUG] 2023-10-06 01:31:52.900 [main] WebDriverManager - Driver chromedriver 117.0.5938.149 found in cache
[INFO ] 2023-10-06 01:31:52.902 [main] WebDriverManager - Exporting webdriver.chrome.driver as C:\Users\Hadeer.Hosny\.cache\selenium\chromedriver\win64\117.0.5938.149\chromedriver.exe
[WARN ] 2023-10-06 01:31:55.706 [main] ReportManager - Oct 06, 2023 1:31:55 AM org.openqa.selenium.devtools.CdpVersionFinder findNearestMatch
[WARN ] 2023-10-06 01:31:55.707 [main] ReportManager - WARNING: Unable to find an exact match for CDP version 117, so returning the closest version found: 115
[INFO ] 2023-10-06 01:32:03.852 [main] ReportManager - 
[0;7m------------------------------------------------------------------------------------------------------------------------------------------------
                                        Starting Execution: '1 out of 3' test cases in the current suite                                        
                                Test Method: 'com.stctv.subscribe.testcases.NavigateTest.SubscriptionBaharinTC4'                                
------------------------------------------------------------------------------------------------------------------------------------------------
[0m
[INFO ] 2023-10-06 01:32:09.741 [main] ReportManager - Successfully created attachment 'SHAFT Engine Logs - Current Method log: SubscriptionBaharinTC4'
[INFO ] 2023-10-06 01:32:09.912 [main] ReportManager - 
[0;7m------------------------------------------------------------------------------------------------------------------------------------------------
                                        Starting Execution: '2 out of 3' test cases in the current suite                                        
                                 Test Method: 'com.stctv.subscribe.testcases.NavigateTest.SubscriptionKuwaitTC3'                                 
------------------------------------------------------------------------------------------------------------------------------------------------
[0m
[INFO ] 2023-10-06 01:32:12.306 [main] ReportManager - Successfully created attachment 'SHAFT Engine Logs - Current Method log: SubscriptionKuwaitTC3'
[INFO ] 2023-10-06 01:32:12.322 [main] ReportManager - 
[0;7m------------------------------------------------------------------------------------------------------------------------------------------------
                                        Starting Execution: '3 out of 3' test cases in the current suite                                        
                              Test Method: 'com.stctv.subscribe.testcases.NavigateTest.SubscriptionSaudiArabiaTC2'                              
------------------------------------------------------------------------------------------------------------------------------------------------
[0m
[INFO ] 2023-10-06 01:32:14.831 [main] ReportManager - Successfully created attachment 'SHAFT Engine Logs - Current Method log: SubscriptionSaudiArabiaTC2'
[INFO ] 2023-10-06 01:32:14.840 [main] ReportManager - 
[0;7m------------------------------------------------------------------------------------------------------------------------------------------------
                                               Starting execution of teardown configuration method                                               
                                              'com.stctv.subscribe.testcases.NavigateTest.teardown'                                              
------------------------------------------------------------------------------------------------------------------------------------------------
[0m
[INFO ] 2023-10-06 01:32:16.068 [main] ReportManager - 
[0;7m------------------------------------------------------------------------------------------------------------------------------------------------
                                           Starting execution of engine teardown configuration method                                           
                                        'com.shaft.listeners.internal.ConfigurationHelper.engineTeardown'                                        
------------------------------------------------------------------------------------------------------------------------------------------------
[0m
[INFO ] 2023-10-06 01:32:16.070 [main] ReportManager - Successfully created attachment 'SHAFT Engine Logs - Execution log'
[INFO ] 2023-10-06 01:32:16.071 [main] ReportManager - File Action "DoesFileExist" successfully performed. With the following test data "File Path: "target/logs/log4j.log"".
[INFO ] 2023-10-06 01:32:16.071 [main] ReportManager - File Action "GetAbsolutePath" successfully performed. With the following test data "Relative Folder Path: "target/logs/log4j.log"".
